[2024-07-15 19:00:33,225: INFO: main: >>>>> Data Ingestion Stage started <<<<<<]
[2024-07-15 19:00:33,225: INFO: common: yaml file: config\config.yaml loaded successfully]
[2024-07-15 19:00:33,232: INFO: common: created directory at: output]
[2024-07-15 19:00:33,233: INFO: common: created directory at: output/data_ingestion]
[2024-07-15 19:00:33,233: INFO: data_ingestion: Data Ingestion]
[2024-07-15 19:00:33,234: INFO: data_ingestion: Reading the data]
[2024-07-15 19:00:34,558: INFO: data_ingestion: Sampling 5000 rows for each category at random]
[2024-07-15 19:00:34,863: INFO: data_ingestion: Splitting the data into X and y]
[2024-07-15 19:00:34,863: INFO: data_ingestion: Train test split initiated to create Training, Validation and Test data]
[2024-07-15 19:00:34,870: INFO: data_ingestion: Saving the data]
[2024-07-15 19:00:34,926: INFO: data_ingestion: Ingestion of the data is completed]
[2024-07-15 19:00:34,945: INFO: main: >>>>> Data Ingestion Stage completed <<<<<<<

x==========x]
[2024-07-15 19:00:34,946: INFO: main: ************************]
[2024-07-15 19:00:34,946: INFO: main: >>>>> Data Transformation Stage started <<<<<<]
[2024-07-15 19:00:34,948: INFO: common: yaml file: config\config.yaml loaded successfully]
[2024-07-15 19:00:34,954: INFO: common: created directory at: output]
[2024-07-15 19:00:34,955: INFO: common: created directory at: output/data_transformation]
[2024-07-15 19:00:34,955: INFO: data_transformation: Loading tokenizer from pretrained model]
[2024-07-15 19:00:35,342: INFO: data_transformation: Saving tokenizer from pretrained model]
[2024-07-15 19:00:35,350: INFO: data_transformation: Reading in train, val and test text data]
[2024-07-15 19:00:35,440: INFO: data_transformation: Tokenzing the train, val and test text data]
[2024-07-15 19:00:35,773: INFO: data_transformation: Generating the train, val and test datasets.]
[2024-07-15 19:00:39,044: INFO: data_transformation: Saving the train, val and test datasets.]
[2024-07-15 19:00:39,322: INFO: main: >>>>> Data Transformation Stage completed <<<<<<<

x==========x]
[2024-07-15 19:00:39,322: INFO: main: ********************************]
[2024-07-15 19:00:39,322: INFO: main: >>>>> Model Training Stage started <<<<<<]
[2024-07-15 19:00:39,335: INFO: common: yaml file: config\config.yaml loaded successfully]
[2024-07-15 19:00:39,335: INFO: common: created directory at: output]
[2024-07-15 19:00:39,335: INFO: common: created directory at: output/model_trainer]
[2024-07-15 19:00:39,339: INFO: model_training: Loading the train, validation and test datasets]
[2024-07-15 19:00:39,418: INFO: model_training: Finetuning model starts]
[2024-07-15 19:00:42,710: WARNING: ag_logging: AutoGraph could not transform <function infer_framework at 0x00000205621328B0> and will run it as-is.
Cause: for/else statement not yet supported
To silence this warning, decorate the function with @tf.autograph.experimental.do_not_convert]
[2024-07-15 19:19:59,316: INFO: model_training: Evaluating finetuned model]
[2024-07-15 19:20:59,984: INFO: model_training: Saving finetuned model]
[2024-07-15 19:21:01,156: INFO: main: >>>>> Model Training Stage completed <<<<<<<

x==========x]
[2024-07-15 19:21:01,156: INFO: main: ********************************]
[2024-07-15 19:21:01,156: INFO: main: >>>>> Model Evaluation Stage started <<<<<<]
[2024-07-15 19:21:01,163: INFO: common: yaml file: config\config.yaml loaded successfully]
[2024-07-15 19:21:01,163: INFO: common: created directory at: output]
[2024-07-15 19:21:01,164: INFO: common: created directory at: output/model_evaluation]
[2024-07-15 19:21:02,031: INFO: model_evaluation: Text: Pop star to start fashion company]
[2024-07-15 19:21:02,212: INFO: model_evaluation: [[0.9806214  0.00330896 0.01114688 0.00492269]]]
[2024-07-15 19:21:02,212: INFO: model_evaluation: Predicted Label: entertainment]
[2024-07-15 19:21:02,212: INFO: model_evaluation: Text: Revolutionary methods for discovering new materials]
[2024-07-15 19:21:02,337: INFO: model_evaluation: [[0.00354438 0.9433277  0.03730644 0.01582141]]]
[2024-07-15 19:21:02,337: INFO: model_evaluation: Predicted Label: science/tech]
[2024-07-15 19:21:02,337: INFO: model_evaluation: Text: Rebranded bank will target global growth]
[2024-07-15 19:21:02,462: INFO: model_evaluation: [[0.00203329 0.00282803 0.98541784 0.00972081]]]
[2024-07-15 19:21:02,462: INFO: model_evaluation: Predicted Label: business]
[2024-07-15 19:21:02,462: INFO: model_evaluation: Text: A new sustainable vaccination against Ebola developed.]
[2024-07-15 19:21:02,573: INFO: model_evaluation: [[1.1184200e-03 7.7473244e-04 3.9333333e-03 9.9417347e-01]]]
[2024-07-15 19:21:02,573: INFO: model_evaluation: Predicted Label: health]
[2024-07-15 19:21:02,596: INFO: main: >>>>> Model Evaluation Stage completed <<<<<<<

x==========x]
[2024-07-15 19:37:03,026: INFO: common: yaml file: config\config.yaml loaded successfully]
[2024-07-15 19:37:03,027: INFO: common: created directory at: output]
[2024-07-15 19:37:03,028: INFO: common: created directory at: output/data_ingestion]
[2024-07-15 19:37:03,029: INFO: 3567442147: Data Ingestion]
[2024-07-15 19:37:03,030: INFO: 3567442147: Reading the data]
[2024-07-15 19:37:04,442: INFO: 3567442147: Sampling 5000 rows for each category at random]
[2024-07-15 19:37:04,811: INFO: 3567442147: Splitting the data into X and y]
[2024-07-15 19:37:04,811: INFO: 3567442147: Train test split initiated to create Training, Validation and Test data]
[2024-07-15 19:37:04,827: INFO: 3567442147: Saving the data]
[2024-07-15 19:37:04,878: INFO: 3567442147: Ingestion of the data is completed]
[2024-07-15 19:37:33,042: INFO: common: yaml file: config\config.yaml loaded successfully]
[2024-07-15 19:37:33,045: INFO: common: created directory at: output]
[2024-07-15 19:37:33,045: INFO: common: created directory at: output/data_transformation]
[2024-07-15 19:37:33,045: INFO: 1408085289: Loading tokenizer from pretrained model]
[2024-07-15 19:37:33,354: INFO: 1408085289: Saving tokenizer from pretrained model]
[2024-07-15 19:37:33,370: INFO: 1408085289: Reading in train, val and test text data]
[2024-07-15 19:37:33,466: INFO: 1408085289: Tokenzing the train, val and test text data]
[2024-07-15 19:37:33,906: INFO: 1408085289: Generating the train, val and test datasets.]
[2024-07-15 19:37:36,938: INFO: 1408085289: Saving the train, val and test datasets.]
[2024-07-15 19:38:07,607: INFO: common: yaml file: config\config.yaml loaded successfully]
[2024-07-15 19:38:07,607: INFO: common: created directory at: output]
[2024-07-15 19:38:07,607: INFO: common: created directory at: output/model_trainer]
[2024-07-15 19:38:07,622: INFO: 2724184690: Loading the train, validation and test datasets]
[2024-07-15 19:38:07,712: INFO: 2724184690: Finetuning model starts]
[2024-07-15 19:38:11,057: WARNING: ag_logging: AutoGraph could not transform <function infer_framework at 0x0000023EE0129940> and will run it as-is.
Cause: for/else statement not yet supported
To silence this warning, decorate the function with @tf.autograph.experimental.do_not_convert]
[2024-07-15 19:56:47,373: INFO: 2724184690: Evaluating finetuned model]
[2024-07-15 19:57:48,720: INFO: 2724184690: Saving finetuned model]
[2024-07-15 20:03:04,522: INFO: common: yaml file: config\config.yaml loaded successfully]
[2024-07-15 20:03:04,523: INFO: common: created directory at: output]
[2024-07-15 20:03:04,523: INFO: common: created directory at: output/model_evaluation]
[2024-07-15 20:03:06,958: INFO: 606419837: Text: Pop star to start fashion company]
[2024-07-15 20:03:07,200: INFO: 606419837: [[0.99231744 0.00198207 0.00207163 0.00362889]]]
[2024-07-15 20:03:07,200: INFO: 606419837: Predicted Label: entertainment]
[2024-07-15 20:03:07,200: INFO: 606419837: Text: Revolutionary methods for discovering new materials]
[2024-07-15 20:03:07,339: INFO: 606419837: [[0.00774623 0.79787713 0.1650533  0.02932338]]]
[2024-07-15 20:03:07,339: INFO: 606419837: Predicted Label: science/tech]
[2024-07-15 20:03:07,339: INFO: 606419837: Text: Rebranded bank will target global growth]
[2024-07-15 20:03:07,450: INFO: 606419837: [[0.00119259 0.01444341 0.97920144 0.00516252]]]
[2024-07-15 20:03:07,450: INFO: 606419837: Predicted Label: business]
[2024-07-15 20:03:07,450: INFO: 606419837: Text: A new sustainable vaccination against Ebola developed.]
[2024-07-15 20:03:07,576: INFO: 606419837: [[1.2019568e-03 9.2322734e-04 1.2796704e-03 9.9659508e-01]]]
[2024-07-15 20:03:07,577: INFO: 606419837: Predicted Label: health]
